<?xml version="1.0" encoding="UTF-8"?>
<testsuite name="AddressBookTest" tests="1" skipped="0" failures="0" errors="0" timestamp="2019-09-26T11:05:56" hostname="chakravarthis-MacBook-Pro.local" time="0.008">
  <properties/>
  <testcase name="givenEmptyDetails_whenAdd_thenShouldReturnFalse()" classname="AddressBookTest" time="0.008"/>
  <system-out><![CDATA[]]></system-out>
  <system-err><![CDATA[]]></system-err>
</testsuite>
